  MiniginPCH.cpp
  AIComponent.cpp
  BaseComponent.cpp
  Command.cpp
  Font.cpp
  FPSCalculatorComponent.cpp
  GameObject.cpp
  Ghost.cpp
  Grid.cpp
  InputComponent.cpp
  InputManager.cpp
  Log.cpp
  Main.cpp
  MainMenuScene.cpp
  Minigin.cpp
  PacManMultiplayerScene.cpp
  Pill.cpp
  Player.cpp
  PacManSingleplayerScene.cpp
  RenderComponent.cpp
  Renderer.cpp
  Generating Code...
  Compiling...
  ResourceManager.cpp
  Scene.cpp
  SceneManager.cpp
  TextComponent.cpp
  Texture2D.cpp
  TextureComponent.cpp
  Tile.cpp
  Transform.cpp
  VersusScene.cpp
  Generating Code...
     Creating library C:\Users\Timo\Documents\Programming4\2DAE01_Exam_Timo_Nys\Source\Win32\Debug\Minigin.lib and object C:\Users\Timo\Documents\Programming4\2DAE01_Exam_Timo_Nys\Source\Win32\Debug\Minigin.exp
  Minigin.vcxproj -> C:\Users\Timo\Documents\Programming4\2DAE01_Exam_Timo_Nys\Source\Win32\Debug\Minigin.exe
  C:\Users\Timo\Documents\Programming4\2DAE01_Exam_Timo_Nys\Source\3rdParty\SDL2\lib\x86\SDL2.dll
  1 File(s) copied
  C:\Users\Timo\Documents\Programming4\2DAE01_Exam_Timo_Nys\Source\3rdParty\SDL2_image\lib\x86\libjpeg-9.dll
  C:\Users\Timo\Documents\Programming4\2DAE01_Exam_Timo_Nys\Source\3rdParty\SDL2_image\lib\x86\libpng16-16.dll
  C:\Users\Timo\Documents\Programming4\2DAE01_Exam_Timo_Nys\Source\3rdParty\SDL2_image\lib\x86\libtiff-5.dll
  C:\Users\Timo\Documents\Programming4\2DAE01_Exam_Timo_Nys\Source\3rdParty\SDL2_image\lib\x86\libwebp-7.dll
  C:\Users\Timo\Documents\Programming4\2DAE01_Exam_Timo_Nys\Source\3rdParty\SDL2_image\lib\x86\SDL2_image.dll
  C:\Users\Timo\Documents\Programming4\2DAE01_Exam_Timo_Nys\Source\3rdParty\SDL2_image\lib\x86\zlib1.dll
  6 File(s) copied
  C:\Users\Timo\Documents\Programming4\2DAE01_Exam_Timo_Nys\Source\3rdParty\SDL2_ttf\lib\x86\libfreetype-6.dll
  C:\Users\Timo\Documents\Programming4\2DAE01_Exam_Timo_Nys\Source\3rdParty\SDL2_ttf\lib\x86\SDL2_ttf.dll
  2 File(s) copied
