c:\users\timo\documents\programming4\engine\minigin\x64\release\vc141.pdb
c:\users\timo\documents\programming4\engine\minigin\x64\release\transform.obj
c:\users\timo\documents\programming4\engine\minigin\x64\release\texturecomponent.obj
c:\users\timo\documents\programming4\engine\minigin\x64\release\texture2d.obj
c:\users\timo\documents\programming4\engine\minigin\x64\release\textcomponent.obj
c:\users\timo\documents\programming4\engine\minigin\x64\release\scenemanager.obj
c:\users\timo\documents\programming4\engine\minigin\x64\release\scene.obj
c:\users\timo\documents\programming4\engine\minigin\x64\release\resourcemanager.obj
c:\users\timo\documents\programming4\engine\minigin\x64\release\renderer.obj
c:\users\timo\documents\programming4\engine\minigin\x64\release\rendercomponent.obj
c:\users\timo\documents\programming4\engine\minigin\x64\release\minigin.obj
c:\users\timo\documents\programming4\engine\minigin\x64\release\mainmenuscene.obj
c:\users\timo\documents\programming4\engine\minigin\x64\release\main.obj
c:\users\timo\documents\programming4\engine\minigin\x64\release\log.obj
c:\users\timo\documents\programming4\engine\minigin\x64\release\inputmanager.obj
c:\users\timo\documents\programming4\engine\minigin\x64\release\inputcomponent.obj
c:\users\timo\documents\programming4\engine\minigin\x64\release\gameobject.obj
c:\users\timo\documents\programming4\engine\minigin\x64\release\fpscalculatorcomponent.obj
c:\users\timo\documents\programming4\engine\minigin\x64\release\font.obj
c:\users\timo\documents\programming4\engine\minigin\x64\release\command.obj
c:\users\timo\documents\programming4\engine\minigin\x64\release\basecomponent.obj
c:\users\timo\documents\programming4\engine\minigin\x64\release\tile.obj
c:\users\timo\documents\programming4\engine\minigin\x64\release\minigin.pch
c:\users\timo\documents\programming4\engine\minigin\x64\release\miniginpch.obj
c:\users\timo\documents\programming4\engine\minigin\x64\release\pacmansingleplayerscene.obj
c:\users\timo\documents\programming4\engine\minigin\x64\release\grid.obj
c:\users\timo\documents\programming4\engine\minigin\x64\release\pacman.obj
c:\users\timo\documents\programming4\engine\minigin\x64\release\player.obj
c:\users\timo\documents\programming4\engine\minigin\x64\release\pill.obj
c:\users\timo\documents\programming4\engine\x64\release\minigin.exe
c:\users\timo\documents\programming4\engine\x64\release\minigin.pdb
c:\users\timo\documents\programming4\engine\x64\release\minigin.lib
c:\users\timo\documents\programming4\engine\x64\release\minigin.exp
c:\users\timo\documents\programming4\engine\x64\release\minigin.ipdb
c:\users\timo\documents\programming4\engine\x64\release\minigin.iobj
c:\users\timo\documents\programming4\engine\minigin\x64\release\minigin.tlog\cl.command.1.tlog
c:\users\timo\documents\programming4\engine\minigin\x64\release\minigin.tlog\cl.read.1.tlog
c:\users\timo\documents\programming4\engine\minigin\x64\release\minigin.tlog\cl.write.1.tlog
c:\users\timo\documents\programming4\engine\minigin\x64\release\minigin.tlog\link.command.1.tlog
c:\users\timo\documents\programming4\engine\minigin\x64\release\minigin.tlog\link.read.1.tlog
c:\users\timo\documents\programming4\engine\minigin\x64\release\minigin.tlog\link.write.1.tlog
c:\users\timo\documents\programming4\engine\minigin\x64\release\minigin.tlog\minigin.write.1u.tlog
