c:\users\timo\documents\programming4\engine\minigin\x64\debug\minigin.pch
c:\users\timo\documents\programming4\engine\minigin\x64\debug\vc141.pdb
c:\users\timo\documents\programming4\engine\minigin\x64\debug\vc141.idb
c:\users\timo\documents\programming4\engine\minigin\x64\debug\miniginpch.obj
c:\users\timo\documents\programming4\engine\minigin\x64\debug\texture2d.obj
c:\users\timo\documents\programming4\engine\minigin\x64\debug\resourcemanager.obj
c:\users\timo\documents\programming4\engine\minigin\x64\debug\renderer.obj
c:\users\timo\documents\programming4\engine\minigin\x64\debug\main.obj
c:\users\timo\documents\programming4\engine\minigin\x64\debug\log.obj
c:\users\timo\documents\programming4\engine\minigin\x64\debug\inputmanager.obj
c:\users\timo\documents\programming4\engine\minigin\x64\debug\font.obj
c:\users\timo\documents\programming4\engine\minigin\x64\debug\transform.obj
c:\users\timo\documents\programming4\engine\minigin\x64\debug\textobject.obj
c:\users\timo\documents\programming4\engine\minigin\x64\debug\scenemanager.obj
c:\users\timo\documents\programming4\engine\minigin\x64\debug\scene.obj
c:\users\timo\documents\programming4\engine\minigin\x64\debug\minigin.obj
c:\users\timo\documents\programming4\engine\minigin\x64\debug\gameobject.obj
c:\users\timo\documents\programming4\engine\minigin\x64\debug\basecomponent.obj
c:\users\timo\documents\programming4\engine\minigin\x64\debug\inputcomponent.obj
c:\users\timo\documents\programming4\engine\minigin\x64\debug\texturecomponent.obj
c:\users\timo\documents\programming4\engine\minigin\x64\debug\mainmenuscene.obj
c:\users\timo\documents\programming4\engine\minigin\x64\debug\rendercomponent.obj
c:\users\timo\documents\programming4\engine\x64\debug\minigin.exe
c:\users\timo\documents\programming4\engine\x64\debug\minigin.ilk
c:\users\timo\documents\programming4\engine\x64\debug\minigin.pdb
c:\users\timo\documents\programming4\engine\x64\debug\minigin.lib
c:\users\timo\documents\programming4\engine\x64\debug\minigin.exp
c:\users\timo\documents\programming4\engine\minigin\x64\debug\minigin.tlog\cl.command.1.tlog
c:\users\timo\documents\programming4\engine\minigin\x64\debug\minigin.tlog\cl.read.1.tlog
c:\users\timo\documents\programming4\engine\minigin\x64\debug\minigin.tlog\cl.write.1.tlog
c:\users\timo\documents\programming4\engine\minigin\x64\debug\minigin.tlog\link.command.1.tlog
c:\users\timo\documents\programming4\engine\minigin\x64\debug\minigin.tlog\link.read.1.tlog
c:\users\timo\documents\programming4\engine\minigin\x64\debug\minigin.tlog\link.write.1.tlog
c:\users\timo\documents\programming4\engine\minigin\x64\debug\minigin.tlog\minigin.write.1u.tlog
